18-Mar-2019 21:20:19.650 WARNING [main] org.apache.catalina.startup.SetAllPropertiesRule.begin [SetAllPropertiesRule]{Server/Service/Connector} Setting property 'port' to '8080 ' did not find a matching property.
18-Mar-2019 21:20:19.677 INFO [main] org.apache.catalina.startup.VersionLoggerListener.log Server version:        Apache Tomcat/8.5.38
18-Mar-2019 21:20:19.678 INFO [main] org.apache.catalina.startup.VersionLoggerListener.log Server built:          Feb 5 2019 11:42:42 UTC
18-Mar-2019 21:20:19.678 INFO [main] org.apache.catalina.startup.VersionLoggerListener.log Server number:         8.5.38.0
18-Mar-2019 21:20:19.678 INFO [main] org.apache.catalina.startup.VersionLoggerListener.log OS Name:               Windows 10
18-Mar-2019 21:20:19.678 INFO [main] org.apache.catalina.startup.VersionLoggerListener.log OS Version:            10.0
18-Mar-2019 21:20:19.678 INFO [main] org.apache.catalina.startup.VersionLoggerListener.log Architecture:          amd64
18-Mar-2019 21:20:19.678 INFO [main] org.apache.catalina.startup.VersionLoggerListener.log Java Home:             C:\Program Files\Java\jdk1.8.0_202\jre
18-Mar-2019 21:20:19.679 INFO [main] org.apache.catalina.startup.VersionLoggerListener.log JVM Version:           1.8.0_202-b08
18-Mar-2019 21:20:19.679 INFO [main] org.apache.catalina.startup.VersionLoggerListener.log JVM Vendor:            Oracle Corporation
18-Mar-2019 21:20:19.679 INFO [main] org.apache.catalina.startup.VersionLoggerListener.log CATALINA_BASE:         C:\Users\antoi\IdeaProjects\Excel-Backend\apache-tomcat-8.5.38
18-Mar-2019 21:20:19.679 INFO [main] org.apache.catalina.startup.VersionLoggerListener.log CATALINA_HOME:         C:\Users\antoi\IdeaProjects\Excel-Backend\apache-tomcat-8.5.38
18-Mar-2019 21:20:19.679 INFO [main] org.apache.catalina.startup.VersionLoggerListener.log Command line argument: -Djava.util.logging.config.file=C:\Users\antoi\IdeaProjects\Excel-Backend\apache-tomcat-8.5.38\conf\logging.properties
18-Mar-2019 21:20:19.679 INFO [main] org.apache.catalina.startup.VersionLoggerListener.log Command line argument: -Djava.util.logging.manager=org.apache.juli.ClassLoaderLogManager
18-Mar-2019 21:20:19.679 INFO [main] org.apache.catalina.startup.VersionLoggerListener.log Command line argument: -Djdk.tls.ephemeralDHKeySize=2048
18-Mar-2019 21:20:19.679 INFO [main] org.apache.catalina.startup.VersionLoggerListener.log Command line argument: -Djava.protocol.handler.pkgs=org.apache.catalina.webresources
18-Mar-2019 21:20:19.680 INFO [main] org.apache.catalina.startup.VersionLoggerListener.log Command line argument: -Dignore.endorsed.dirs=
18-Mar-2019 21:20:19.680 INFO [main] org.apache.catalina.startup.VersionLoggerListener.log Command line argument: -Dcatalina.base=C:\Users\antoi\IdeaProjects\Excel-Backend\apache-tomcat-8.5.38
18-Mar-2019 21:20:19.680 INFO [main] org.apache.catalina.startup.VersionLoggerListener.log Command line argument: -Dcatalina.home=C:\Users\antoi\IdeaProjects\Excel-Backend\apache-tomcat-8.5.38
18-Mar-2019 21:20:19.681 INFO [main] org.apache.catalina.startup.VersionLoggerListener.log Command line argument: -Djava.io.tmpdir=C:\Users\antoi\IdeaProjects\Excel-Backend\apache-tomcat-8.5.38\temp
18-Mar-2019 21:20:19.682 INFO [main] org.apache.catalina.core.AprLifecycleListener.lifecycleEvent The APR based Apache Tomcat Native library which allows optimal performance in production environments was not found on the java.library.path: [C:\Program Files\Java\jdk1.8.0_202\bin;C:\WINDOWS\Sun\Java\bin;C:\WINDOWS\system32;C:\WINDOWS;C:\Program Files (x86)\Common Files\Oracle\Java\javapath;C:\Program Files (x86)\Razer\ChromaBroadcast\bin;C:\Program Files\Razer\ChromaBroadcast\bin;C:\Program Files (x86)\Intel\Intel(R) Management Engine Components\iCLS\;C:\Program Files\Intel\Intel(R) Management Engine Components\iCLS\;C:\Windows\system32;C:\Windows;C:\Windows\System32\Wbem;C:\Windows\System32\WindowsPowerShell\v1.0\;C:\Program Files (x86)\Intel\Intel(R) Management Engine Components\DAL;C:\Program Files\Intel\Intel(R) Management Engine Components\DAL;C:\Program Files (x86)\Intel\Intel(R) Management Engine Components\IPT;C:\Program Files\Intel\Intel(R) Management Engine Components\IPT;C:\Program Files (x86)\NVIDIA Corporation\PhysX\Common;C:\WINDOWS\system32;C:\WINDOWS;C:\WINDOWS\System32\Wbem;C:\WINDOWS\System32\WindowsPowerShell\v1.0\;C:\WINDOWS\System32\OpenSSH\;C:\Program Files\Git\cmd;C:\WINDOWS\system32\config\systemprofile\AppData\Local\Microsoft\WindowsApps;C:\Program Files\NVIDIA Corporation\NVIDIA NvDLISR;C:\Program Files\nodejs\;C:\Program Files\Java\jdk1.8.0_202\bin;C:\Users\antoi\AppData\Local\Microsoft\WindowsApps;;C:\Program Files\JetBrains\IntelliJ IDEA 2018.3.5\bin;;C:\Users\antoi\AppData\Roaming\npm;.]
18-Mar-2019 21:20:19.793 INFO [main] org.apache.coyote.AbstractProtocol.init Initializing ProtocolHandler ["http-nio-9999"]
18-Mar-2019 21:20:19.920 INFO [main] org.apache.tomcat.util.net.NioSelectorPool.getSharedSelector Using a shared selector for servlet write/read
18-Mar-2019 21:20:19.928 INFO [main] org.apache.coyote.AbstractProtocol.init Initializing ProtocolHandler ["ajp-nio-auto-1"]
18-Mar-2019 21:20:19.930 INFO [main] org.apache.tomcat.util.net.NioSelectorPool.getSharedSelector Using a shared selector for servlet write/read
18-Mar-2019 21:20:19.930 INFO [main] org.apache.catalina.startup.Catalina.load Initialization processed in 529 ms
18-Mar-2019 21:20:19.955 INFO [main] org.apache.catalina.core.StandardService.startInternal Starting service [Catalina]
18-Mar-2019 21:20:19.956 INFO [main] org.apache.catalina.core.StandardEngine.startInternal Starting Servlet Engine: Apache Tomcat/8.5.38
18-Mar-2019 21:20:19.968 INFO [localhost-startStop-1] org.apache.catalina.startup.HostConfig.deployDirectory Deploying web application directory [C:\Users\antoi\IdeaProjects\Excel-Backend\apache-tomcat-8.5.38\webapps\docs]
18-Mar-2019 21:20:20.172 INFO [localhost-startStop-1] org.apache.catalina.startup.HostConfig.deployDirectory Deployment of web application directory [C:\Users\antoi\IdeaProjects\Excel-Backend\apache-tomcat-8.5.38\webapps\docs] has finished in [203] ms
18-Mar-2019 21:20:20.172 INFO [localhost-startStop-1] org.apache.catalina.startup.HostConfig.deployDirectory Deploying web application directory [C:\Users\antoi\IdeaProjects\Excel-Backend\apache-tomcat-8.5.38\webapps\examples]
18-Mar-2019 21:20:20.407 INFO [localhost-startStop-1] org.apache.catalina.startup.HostConfig.deployDirectory Deployment of web application directory [C:\Users\antoi\IdeaProjects\Excel-Backend\apache-tomcat-8.5.38\webapps\examples] has finished in [235] ms
18-Mar-2019 21:20:20.408 INFO [localhost-startStop-1] org.apache.catalina.startup.HostConfig.deployDirectory Deploying web application directory [C:\Users\antoi\IdeaProjects\Excel-Backend\apache-tomcat-8.5.38\webapps\host-manager]
18-Mar-2019 21:20:20.427 INFO [localhost-startStop-1] org.apache.catalina.startup.HostConfig.deployDirectory Deployment of web application directory [C:\Users\antoi\IdeaProjects\Excel-Backend\apache-tomcat-8.5.38\webapps\host-manager] has finished in [20] ms
18-Mar-2019 21:20:20.427 INFO [localhost-startStop-1] org.apache.catalina.startup.HostConfig.deployDirectory Deploying web application directory [C:\Users\antoi\IdeaProjects\Excel-Backend\apache-tomcat-8.5.38\webapps\manager]
18-Mar-2019 21:20:20.447 INFO [localhost-startStop-1] org.apache.catalina.startup.HostConfig.deployDirectory Deployment of web application directory [C:\Users\antoi\IdeaProjects\Excel-Backend\apache-tomcat-8.5.38\webapps\manager] has finished in [20] ms
18-Mar-2019 21:20:20.448 INFO [localhost-startStop-1] org.apache.catalina.startup.HostConfig.deployDirectory Deploying web application directory [C:\Users\antoi\IdeaProjects\Excel-Backend\apache-tomcat-8.5.38\webapps\ROOT]
18-Mar-2019 21:20:20.462 INFO [localhost-startStop-1] org.apache.catalina.startup.HostConfig.deployDirectory Deployment of web application directory [C:\Users\antoi\IdeaProjects\Excel-Backend\apache-tomcat-8.5.38\webapps\ROOT] has finished in [14] ms
18-Mar-2019 21:20:20.464 INFO [main] org.apache.coyote.AbstractProtocol.start Starting ProtocolHandler ["http-nio-9999"]
18-Mar-2019 21:20:20.470 SEVERE [main] org.apache.catalina.core.StandardService.startInternal Failed to start connector [Connector[AJP/1.3-auto-1]]
 org.apache.catalina.LifecycleException: Failed to start component [Connector[AJP/1.3-auto-1]]
	at org.apache.catalina.util.LifecycleBase.start(LifecycleBase.java:167)
	at org.apache.catalina.core.StandardService.startInternal(StandardService.java:440)
	at org.apache.catalina.util.LifecycleBase.start(LifecycleBase.java:150)
	at org.apache.catalina.core.StandardServer.startInternal(StandardServer.java:793)
	at org.apache.catalina.util.LifecycleBase.start(LifecycleBase.java:150)
	at org.apache.catalina.startup.Catalina.start(Catalina.java:688)
	at sun.reflect.NativeMethodAccessorImpl.invoke0(Native Method)
	at sun.reflect.NativeMethodAccessorImpl.invoke(NativeMethodAccessorImpl.java:62)
	at sun.reflect.DelegatingMethodAccessorImpl.invoke(DelegatingMethodAccessorImpl.java:43)
	at java.lang.reflect.Method.invoke(Method.java:498)
	at org.apache.catalina.startup.Bootstrap.start(Bootstrap.java:353)
	at org.apache.catalina.startup.Bootstrap.main(Bootstrap.java:493)
Caused by: org.apache.catalina.LifecycleException: The connector cannot start since the specified port value of [-1] is invalid
	at org.apache.catalina.connector.Connector.startInternal(Connector.java:1011)
	at org.apache.catalina.util.LifecycleBase.start(LifecycleBase.java:150)
	... 11 more

18-Mar-2019 21:20:20.471 INFO [main] org.apache.catalina.startup.Catalina.start Server startup in 540 ms
